#
# There is insufficient memory for the Java Runtime Environment to continue.
# Native memory allocation (malloc) failed to allocate 32744 bytes for ChunkPool::allocate
# Possible reasons:
#   The system is out of physical RAM or swap space
#   In 32 bit mode, the process size limit was hit
# Possible solutions:
#   Reduce memory load on the system
#   Increase physical memory or swap space
#   Check if swap backing store is full
#   Use 64 bit Java on a 64 bit OS
#   Decrease Java heap size (-Xmx/-Xms)
#   Decrease number of Java threads
#   Decrease Java thread stack sizes (-Xss)
#   Set larger code cache with -XX:ReservedCodeCacheSize=
# This output file may be truncated or incomplete.
#
#  Out of Memory Error (allocation.cpp:273), pid=984, tid=0x00000000000009f4
#
# JRE version: Java(TM) SE Runtime Environment (8.0_111-b14) (build 1.8.0_111-b14)
# Java VM: Java HotSpot(TM) 64-Bit Server VM (25.111-b14 mixed mode windows-amd64 compressed oops)
# Failed to write core dump. Minidumps are not enabled by default on client versions of Windows
#

---------------  T H R E A D  ---------------

Current thread (0x000000001528b800):  JavaThread "C1 CompilerThread2" daemon [_thread_in_native, id=2548, stack(0x0000000016b00000,0x0000000016c00000)]

Stack: [0x0000000016b00000,0x0000000016c00000]
[error occurred during error reporting (printing stack bounds), id 0xc0000005]

Native frames: (J=compiled Java code, j=interpreted, Vv=VM code, C=native code)


Current CompileTask:
C1:  33872 1644   !   3       sun.dc.DuctusRenderingEngine::getAATileGenerator (1189 bytes)


---------------  P R O C E S S  ---------------

Java Threads: ( => current thread )
  0x00000000175be000 JavaThread "TimerQueue" daemon [_thread_blocked, id=3196, stack(0x0000000018ae0000,0x0000000018be0000)]
  0x0000000002b4e000 JavaThread "DestroyJavaVM" [_thread_blocked, id=10796, stack(0x0000000002990000,0x0000000002a90000)]
  0x000000001745d000 JavaThread "AWT-EventQueue-0" [_thread_in_Java, id=6952, stack(0x00000000183e0000,0x00000000184e0000)]
  0x0000000017406000 JavaThread "AWT-Shutdown" [_thread_blocked, id=7100, stack(0x0000000017c70000,0x0000000017d70000)]
  0x0000000017406800 JavaThread "AWT-Windows" daemon [_thread_in_native, id=9592, stack(0x0000000017d70000,0x0000000017e70000)]
  0x0000000017405800 JavaThread "Java2D Disposer" daemon [_thread_blocked, id=2904, stack(0x0000000017b70000,0x0000000017c70000)]
  0x0000000016c28800 JavaThread "Service Thread" daemon [_thread_blocked, id=1496, stack(0x0000000017000000,0x0000000017100000)]
=>0x000000001528b800 JavaThread "C1 CompilerThread2" daemon [_thread_in_native, id=2548, stack(0x0000000016b00000,0x0000000016c00000)]
  0x0000000015285000 JavaThread "C2 CompilerThread1" daemon [_thread_in_native, id=8968, stack(0x0000000016a00000,0x0000000016b00000)]
  0x000000001527f800 JavaThread "C2 CompilerThread0" daemon [_thread_blocked, id=9360, stack(0x0000000016900000,0x0000000016a00000)]
  0x000000001527e000 JavaThread "Attach Listener" daemon [_thread_blocked, id=2604, stack(0x0000000016800000,0x0000000016900000)]
  0x000000001527b000 JavaThread "Signal Dispatcher" daemon [_thread_blocked, id=4240, stack(0x0000000016700000,0x0000000016800000)]
  0x000000001526a800 JavaThread "Finalizer" daemon [_thread_blocked, id=7308, stack(0x00000000164e0000,0x00000000165e0000)]
  0x0000000002c40800 JavaThread "Reference Handler" daemon [_thread_blocked, id=9612, stack(0x00000000163e0000,0x00000000164e0000)]

Other Threads:
  0x0000000015248000 VMThread [stack: 0x00000000162e0000,0x00000000163e0000] [id=8104]
  0x0000000016c32800 WatcherThread [stack: 0x0000000017270000,0x0000000017370000] [id=2244]

VM state:not at safepoint (normal execution)

VM Mutex/Monitor currently owned by a thread: None

Heap:
 PSYoungGen      total 18944K, used 14469K [0x00000000eb000000, 0x00000000ec500000, 0x0000000100000000)
  eden space 16384K, 72% used [0x00000000eb000000,0x00000000ebba5798,0x00000000ec000000)
  from space 2560K, 99% used [0x00000000ec000000,0x00000000ec27c010,0x00000000ec280000)
  to   space 2560K, 0% used [0x00000000ec280000,0x00000000ec280000,0x00000000ec500000)
 ParOldGen       total 44032K, used 4785K [0x00000000c1000000, 0x00000000c3b00000, 0x00000000eb000000)
  object space 44032K, 10% used [0x00000000c1000000,0x00000000c14ac788,0x00000000c3b00000)
 Metaspace       used 15065K, capacity 15364K, committed 15616K, reserved 1064960K
  class space    used 1951K, capacity 2022K, committed 2048K, reserved 1048576K

Card table byte_map: [0x0000000012010000,0x0000000012210000] byte_map_base: 0x0000000011a08000

Marking Bits: (ParMarkBitMap*) 0x00000000665da6c0
 Begin Bits: [0x0000000012760000, 0x0000000013720000)
 End Bits:   [0x0000000013720000, 0x00000000146e0000)

Polling page: 0x00000000028b0000

CodeCache: size=245760Kb used=5412Kb max_used=5412Kb free=240347Kb
 bounds [0x0000000002c50000, 0x00000000031a0000, 0x0000000011c50000]
 total_blobs=2153 nmethods=1641 adapters=423
 compilation: enabled

Compilation events (10 events):
Event: 33.734 Thread 0x000000001528b800 nmethod 1640 0x0000000003198610 code [0x0000000003198760, 0x0000000003198890]
Event: 33.734 Thread 0x000000001528b800 1639       3       javax.swing.plaf.synth.SynthLookAndFeel::update (7 bytes)
Event: 33.735 Thread 0x000000001528b800 nmethod 1639 0x00000000031988d0 code [0x0000000003198a40, 0x0000000003198ba8]
Event: 33.735 Thread 0x000000001528b800 1641       3       sun.java2d.pipe.DrawImage::copyImage (74 bytes)
Event: 33.737 Thread 0x000000001528b800 nmethod 1641 0x0000000003198c50 code [0x0000000003198de0, 0x00000000031991d8]
Event: 33.737 Thread 0x000000001528b800 1642       3       sun.java2d.loops.CompositeType::forAlphaComposite (152 bytes)
Event: 33.739 Thread 0x000000001528b800 nmethod 1642 0x0000000003199350 code [0x0000000003199540, 0x0000000003199bc8]
Event: 33.749 Thread 0x000000001528b800 1643       3       sun.java2d.pipe.ValidatePipe::fill (20 bytes)
Event: 33.751 Thread 0x000000001528b800 nmethod 1643 0x0000000003199d10 code [0x0000000003199ec0, 0x000000000319a4a8]
Event: 33.751 Thread 0x000000001528b800 1644   !   3       sun.dc.DuctusRenderingEngine::getAATileGenerator (1189 bytes)

GC Heap History (2 events):
Event: 12.868 GC heap before
{Heap before GC invocations=1 (full 0):
 PSYoungGen      total 18944K, used 12671K [0x00000000eb000000, 0x00000000ec500000, 0x0000000100000000)
  eden space 16384K, 77% used [0x00000000eb000000,0x00000000ebc5ff98,0x00000000ec000000)
  from space 2560K, 0% used [0x00000000ec280000,0x00000000ec280000,0x00000000ec500000)
  to   space 2560K, 0% used [0x00000000ec000000,0x00000000ec000000,0x00000000ec280000)
 ParOldGen       total 44032K, used 0K [0x00000000c1000000, 0x00000000c3b00000, 0x00000000eb000000)
  object space 44032K, 0% used [0x00000000c1000000,0x00000000c1000000,0x00000000c3b00000)
 Metaspace       used 13916K, capacity 14170K, committed 14336K, reserved 1064960K
  class space    used 1843K, capacity 1923K, committed 2048K, reserved 1048576K
Event: 12.895 GC heap after
Heap after GC invocations=1 (full 0):
 PSYoungGen      total 18944K, used 2544K [0x00000000eb000000, 0x00000000ec500000, 0x0000000100000000)
  eden space 16384K, 0% used [0x00000000eb000000,0x00000000eb000000,0x00000000ec000000)
  from space 2560K, 99% used [0x00000000ec000000,0x00000000ec27c010,0x00000000ec280000)
  to   space 2560K, 0% used [0x00000000ec280000,0x00000000ec280000,0x00000000ec500000)
 ParOldGen       total 44032K, used 4785K [0x00000000c1000000, 0x00000000c3b00000, 0x00000000eb000000)
  object space 44032K, 10% used [0x00000000c1000000,0x00000000c14ac788,0x00000000c3b00000)
 Metaspace       used 13916K, capacity 14170K, committed 14336K, reserved 1064960K
  class space    used 1843K, capacity 1923K, committed 2048K, reserved 1048576K
}

Deoptimization events (10 events):
Event: 11.508 Thread 0x0000000017406800 Uncommon trap: reason=unstable_if action=reinterpret pc=0x0000000002f2e1a4 method=sun.awt.SunToolkit.getAppContext(Ljava/lang/Object;)Lsun/awt/AppContext; @ 4
Event: 12.318 Thread 0x000000001745d000 Uncommon trap: reason=unstable_if action=reinterpret pc=0x0000000002f8f444 method=java.awt.MultipleGradientPaintContext.indexIntoGradientsArrays(F)I @ 13
Event: 12.427 Thread 0x000000001745d000 Uncommon trap: reason=predicate action=maybe_recompile pc=0x0000000002f9bb2c method=java.awt.LinearGradientPaintContext.fillRaster([IIIIIII)V @ 56
Event: 12.427 Thread 0x000000001745d000 Uncommon trap: reason=unstable_if action=reinterpret pc=0x0000000002f9286c method=java.awt.MultipleGradientPaintContext.indexIntoGradientsArrays(F)I @ 93
Event: 12.429 Thread 0x000000001745d000 Uncommon trap: reason=unstable_if action=reinterpret pc=0x0000000002f99558 method=java.awt.MultipleGradientPaintContext.indexIntoGradientsArrays(F)I @ 93
Event: 20.559 Thread 0x000000001745d000 Uncommon trap: reason=class_check action=maybe_recompile pc=0x0000000002dcc7e8 method=java.lang.String.equals(Ljava/lang/Object;)Z @ 8
Event: 20.559 Thread 0x000000001745d000 Uncommon trap: reason=class_check action=maybe_recompile pc=0x0000000002dcc7e8 method=java.lang.String.equals(Ljava/lang/Object;)Z @ 8
Event: 24.880 Thread 0x000000001745d000 Uncommon trap: reason=class_check action=maybe_recompile pc=0x0000000002dcc7e8 method=java.lang.String.equals(Ljava/lang/Object;)Z @ 8
Event: 26.596 Thread 0x000000001745d000 Uncommon trap: reason=class_check action=maybe_recompile pc=0x0000000002dcc7e8 method=java.lang.String.equals(Ljava/lang/Object;)Z @ 8
Event: 33.298 Thread 0x000000001745d000 Uncommon trap: reason=unstable_if action=reinterpret pc=0x000000000312e208 method=java.security.AccessControlContext.optimize()Ljava/security/AccessControlContext; @ 233

Internal exceptions (10 events):
Event: 24.996 Thread 0x000000001745d000 Implicit null exception at 0x0000000002f3897e to 0x0000000002f38c3f
Event: 24.996 Thread 0x000000001745d000 Exception <a 'java/lang/NullPointerException'> (0x00000000eb65dea0) thrown at [C:\re\workspace\8-2-build-windows-amd64-cygwin\jdk8u111\7883\hotspot\src\share\vm\runtime\sharedRuntime.cpp, line 605]
Event: 24.998 Thread 0x000000001745d000 Implicit null exception at 0x0000000002f3897e to 0x0000000002f38c3f
Event: 24.998 Thread 0x000000001745d000 Exception <a 'java/lang/NullPointerException'> (0x00000000eb65f170) thrown at [C:\re\workspace\8-2-build-windows-amd64-cygwin\jdk8u111\7883\hotspot\src\share\vm\runtime\sharedRuntime.cpp, line 605]
Event: 30.265 Thread 0x000000001745d000 Implicit null exception at 0x0000000002f3897e to 0x0000000002f38c3f
Event: 30.265 Thread 0x000000001745d000 Exception <a 'java/lang/NullPointerException'> (0x00000000eb81e3b8) thrown at [C:\re\workspace\8-2-build-windows-amd64-cygwin\jdk8u111\7883\hotspot\src\share\vm\runtime\sharedRuntime.cpp, line 605]
Event: 30.266 Thread 0x000000001745d000 Implicit null exception at 0x0000000002f3897e to 0x0000000002f38c3f
Event: 30.266 Thread 0x000000001745d000 Exception <a 'java/lang/NullPointerException'> (0x00000000eb81f3f8) thrown at [C:\re\workspace\8-2-build-windows-amd64-cygwin\jdk8u111\7883\hotspot\src\share\vm\runtime\sharedRuntime.cpp, line 605]
Event: 30.266 Thread 0x000000001745d000 Implicit null exception at 0x0000000002f3897e to 0x0000000002f38c3f
Event: 30.267 Thread 0x000000001745d000 Exception <a 'java/lang/NullPointerException'> (0x00000000eb820438) thrown at [C:\re\workspace\8-2-build-windows-amd64-cygwin\jdk8u111\7883\hotspot\src\share\vm\runtime\sharedRuntime.cpp, line 605]

Events (10 events):
Event: 33.298 Thread 0x000000001745d000 DEOPT PACKING pc=0x000000000312e208 sp=0x00000000184dc420
Event: 33.298 Thread 0x000000001745d000 DEOPT UNPACKING pc=0x0000000002c9582a sp=0x00000000184dc3d0 mode 2
Event: 33.333 loading class javax/swing/plaf/basic/BasicPopupMenuUI$Actions
Event: 33.364 loading class javax/swing/plaf/basic/BasicPopupMenuUI$Actions done
Event: 33.393 loading class javax/swing/plaf/nimbus/SpinnerNextButtonPainter
Event: 33.442 loading class javax/swing/plaf/nimbus/SpinnerNextButtonPainter done
Event: 33.452 loading class javax/swing/plaf/nimbus/SpinnerPreviousButtonPainter
Event: 33.455 loading class javax/swing/plaf/nimbus/SpinnerPreviousButtonPainter done
Event: 33.478 Executing VM operation: BulkRevokeBias
Event: 33.479 Executing VM operation: BulkRevokeBias done


Dynamic libraries:
0x00007ff6a4880000 - 0x00007ff6a48b7000 	C:\Program Files\Java\jdk1.8.0_111\jre\bin\java.exe
0x00007ffe76c50000 - 0x00007ffe76e45000 	C:\WINDOWS\SYSTEM32\ntdll.dll
0x00007ffe76b50000 - 0x00007ffe76c0e000 	C:\WINDOWS\System32\KERNEL32.DLL
0x00007ffe74720000 - 0x00007ffe749e8000 	C:\WINDOWS\System32\KERNELBASE.dll
0x00007ffe754b0000 - 0x00007ffe7555e000 	C:\WINDOWS\System32\ADVAPI32.dll
0x00007ffe74e90000 - 0x00007ffe74f2e000 	C:\WINDOWS\System32\msvcrt.dll
0x00007ffe75410000 - 0x00007ffe754ac000 	C:\WINDOWS\System32\sechost.dll
0x00007ffe75a80000 - 0x00007ffe75ba5000 	C:\WINDOWS\System32\RPCRT4.dll
0x00007ffe75c30000 - 0x00007ffe75dd1000 	C:\WINDOWS\System32\USER32.dll
0x00007ffe74a40000 - 0x00007ffe74a62000 	C:\WINDOWS\System32\win32u.dll
0x00007ffe74fe0000 - 0x00007ffe7500b000 	C:\WINDOWS\System32\GDI32.dll
0x00007ffe74610000 - 0x00007ffe7471d000 	C:\WINDOWS\System32\gdi32full.dll
0x00007ffe74470000 - 0x00007ffe7450d000 	C:\WINDOWS\System32\msvcp_win.dll
0x00007ffe74510000 - 0x00007ffe74610000 	C:\WINDOWS\System32\ucrtbase.dll
0x00007ffe67ac0000 - 0x00007ffe67d5a000 	C:\WINDOWS\WinSxS\amd64_microsoft.windows.common-controls_6595b64144ccf1df_6.0.19041.1110_none_60b5254171f9507e\COMCTL32.dll
0x00007ffe75a50000 - 0x00007ffe75a80000 	C:\WINDOWS\System32\IMM32.DLL
0x0000000065ce0000 - 0x0000000065db2000 	C:\Program Files\Java\jdk1.8.0_111\jre\bin\msvcr100.dll
0x0000000065dc0000 - 0x000000006665a000 	C:\Program Files\Java\jdk1.8.0_111\jre\bin\server\jvm.dll
0x00007ffe75560000 - 0x00007ffe75568000 	C:\WINDOWS\System32\PSAPI.DLL
0x00007ffe6fd30000 - 0x00007ffe6fd39000 	C:\WINDOWS\SYSTEM32\WSOCK32.dll
0x00007ffe75de0000 - 0x00007ffe75e4b000 	C:\WINDOWS\System32\WS2_32.dll
0x00007ffe6b090000 - 0x00007ffe6b0b7000 	C:\WINDOWS\SYSTEM32\WINMM.dll
0x00007ffe64820000 - 0x00007ffe6482a000 	C:\WINDOWS\SYSTEM32\VERSION.dll
0x0000000067400000 - 0x000000006740f000 	C:\Program Files\Java\jdk1.8.0_111\jre\bin\verify.dll
0x00000000673d0000 - 0x00000000673f9000 	C:\Program Files\Java\jdk1.8.0_111\jre\bin\java.dll
0x00000000673b0000 - 0x00000000673c6000 	C:\Program Files\Java\jdk1.8.0_111\jre\bin\zip.dll
0x00007ffe76230000 - 0x00007ffe76974000 	C:\WINDOWS\System32\SHELL32.dll
0x00007ffe72200000 - 0x00007ffe72995000 	C:\WINDOWS\SYSTEM32\windows.storage.dll
0x00007ffe75e50000 - 0x00007ffe761a5000 	C:\WINDOWS\System32\combase.dll
0x00007ffe73c00000 - 0x00007ffe73c2e000 	C:\WINDOWS\SYSTEM32\Wldp.dll
0x00007ffe76aa0000 - 0x00007ffe76b4d000 	C:\WINDOWS\System32\SHCORE.dll
0x00007ffe759f0000 - 0x00007ffe75a45000 	C:\WINDOWS\System32\shlwapi.dll
0x00007ffe742a0000 - 0x00007ffe742bf000 	C:\WINDOWS\SYSTEM32\profapi.dll
0x0000000065b40000 - 0x0000000065cd8000 	C:\Program Files\Java\jdk1.8.0_111\jre\bin\awt.dll
0x00007ffe74dc0000 - 0x00007ffe74e8d000 	C:\WINDOWS\System32\OLEAUT32.dll
0x00007ffe719a0000 - 0x00007ffe71a30000 	C:\WINDOWS\SYSTEM32\apphelp.dll
0x00007ffe71b40000 - 0x00007ffe71bde000 	C:\WINDOWS\system32\uxtheme.dll
0x00007ffe76980000 - 0x00007ffe76a95000 	C:\WINDOWS\System32\MSCTF.dll
0x00007ffe74c90000 - 0x00007ffe74dba000 	C:\WINDOWS\System32\ole32.dll
0x00007ffe72e10000 - 0x00007ffe72e22000 	C:\WINDOWS\SYSTEM32\kernel.appcore.dll
0x00007ffe74a70000 - 0x00007ffe74af2000 	C:\WINDOWS\System32\bcryptPrimitives.dll
0x00007ffe71c50000 - 0x00007ffe71c7f000 	C:\WINDOWS\system32\DWMAPI.DLL
0x0000000067180000 - 0x00000000671c7000 	C:\Program Files\Java\jdk1.8.0_111\jre\bin\fontmanager.dll
0x00000000671f0000 - 0x000000006720a000 	C:\Program Files\Java\jdk1.8.0_111\jre\bin\net.dll
0x00007ffe739e0000 - 0x00007ffe73a4a000 	C:\WINDOWS\system32\mswsock.dll
0x00000000671d0000 - 0x00000000671e1000 	C:\Program Files\Java\jdk1.8.0_111\jre\bin\nio.dll
0x0000000066bf0000 - 0x0000000066c32000 	C:\Program Files\Java\jdk1.8.0_111\jre\bin\t2k.dll
0x00007ffe74f30000 - 0x00007ffe74fd9000 	C:\WINDOWS\System32\clbcatq.dll
0x00007ffe68680000 - 0x00007ffe68834000 	C:\WINDOWS\SYSTEM32\WindowsCodecs.dll
0x00007ffe74b00000 - 0x00007ffe74b27000 	C:\WINDOWS\System32\bcrypt.dll
0x00007ffe4d290000 - 0x00007ffe4d2ce000 	C:\WINDOWS\system32\dataexchange.dll
0x00007ffe70860000 - 0x00007ffe70ac4000 	C:\WINDOWS\system32\d3d11.dll
0x00007ffe72d10000 - 0x00007ffe72e04000 	C:\WINDOWS\system32\dxgi.dll
0x00007ffe710f0000 - 0x00007ffe712d5000 	C:\WINDOWS\system32\dcomp.dll
0x00007ffe6c0b0000 - 0x00007ffe6c2b1000 	C:\WINDOWS\system32\twinapi.appcore.dll
0x00007ffe6b5b0000 - 0x00007ffe6b6a9000 	C:\WINDOWS\SYSTEM32\textinputframework.dll
0x00007ffe71730000 - 0x00007ffe71822000 	C:\WINDOWS\System32\CoreMessaging.dll
0x00007ffe713c0000 - 0x00007ffe7171e000 	C:\WINDOWS\System32\CoreUIComponents.dll
0x00007ffe70f90000 - 0x00007ffe710e4000 	C:\WINDOWS\SYSTEM32\wintypes.dll
0x00007ffe72fe0000 - 0x00007ffe73013000 	C:\WINDOWS\SYSTEM32\ntmarta.dll
0x00007ffe64310000 - 0x00007ffe64376000 	C:\WINDOWS\system32\Oleacc.dll
0x0000000067150000 - 0x000000006717a000 	C:\Program Files\Java\jdk1.8.0_111\jre\bin\dcpr.dll

VM Arguments:
jvm_args: -Dfile.encoding=ISO-8859-1 
java_command: interfaces.Reporte
java_class_path (initial): C:\Program Files\NetBeans 8.2\java\modules\ext\AbsoluteLayout.jar;C:\Program Files\NetBeans 8.2\ide\modules\ext\mysql-connector-java-5.1.23-bin.jar;C:\Users\JC\Desktop\IDK_MA\IDK_Chancusig_Jaramillo_Zamora\Desarrollo Escritorio\ProyectoIDK\plugins\Carpeta Necesaria\JasperReportLibraries\commons-beanutils-1.8.2.jar;C:\Users\JC\Desktop\IDK_MA\IDK_Chancusig_Jaramillo_Zamora\Desarrollo Escritorio\ProyectoIDK\plugins\Carpeta Necesaria\JasperReportLibraries\commons-collections-3.2.1.jar;C:\Users\JC\Desktop\IDK_MA\IDK_Chancusig_Jaramillo_Zamora\Desarrollo Escritorio\ProyectoIDK\plugins\Carpeta Necesaria\JasperReportLibraries\commons-digester-2.1.jar;C:\Users\JC\Desktop\IDK_MA\IDK_Chancusig_Jaramillo_Zamora\Desarrollo Escritorio\ProyectoIDK\plugins\Carpeta Necesaria\JasperReportLibraries\commons-javaflow-20060411.jar;C:\Users\JC\Desktop\IDK_MA\IDK_Chancusig_Jaramillo_Zamora\Desarrollo Escritorio\ProyectoIDK\plugins\Carpeta Necesaria\JasperReportLibraries\commons-logging-1.1.jar;C:\Users\JC\Desktop\IDK_MA\IDK_Chancusig_Jaramillo_Zamora\Desarrollo Escritorio\ProyectoIDK\plugins\Carpeta Necesaria\JasperReportLibraries\groovy-all-2.0.1.jar;C:\Users\JC\Desktop\IDK_MA\IDK_Chancusig_Jaramillo_Zamora\Desarrollo Escritorio\ProyectoIDK\plugins\Carpeta Necesaria\JasperReportLibraries\iText-2.1.7.js2.jar;C:\Users\JC\Desktop\IDK_MA\IDK_Chancusig_Jaramillo_Zamora\Desarrollo Escritorio\ProyectoIDK\plugins\Carpeta Necesaria\JasperReportLibraries\jasperreports-5.6.0.jar;C:\Users\JC\Desktop\IDK_MA\IDK_Chancusig_Jaramillo_Zamora\Desarrollo Escritorio\ProyectoIDK\plugins\JFreeChart libreria\jcommon-1.0.23.jar;C:\Users\JC\Desktop\IDK_MA\IDK_Chancusig_Jaramillo_Zamora\Desarrollo Escritorio\ProyectoIDK\plugins\JFreeChart libreria\jfreechart-1.0.19.jar;C:\Users\JC\Desktop\IDK_MA\IDK_Chancusig_Jaramillo_Zamora\Desarrollo Escritorio\ProyectoIDK\plugins\Jcalendar\jcalendar-1.4.jar;C:\Users\JC\Desktop\IDK_MA\IDK_Chancusig_Jaramillo_Zamora\Desarrollo Escritorio\ProyectoIDK\
Launcher Type: SUN_STANDARD

Environment Variables:
JAVA_HOME=C:\Program Files\Java\jdk-15.0.1
PATH=C:\Program Files\Microsoft\jdk-11.0.12.7-hotspot\bin;C:\oraclexe\app\oracle\product\10.2.0\server\bin;C:\Program Files (x86)\Common Files\Oracle\Java\javapath;C:\ProgramData\Oracle\Java\javapath;C:\Program Files\Common Files\Oracle\Java\javapath;C:\WINDOWS\system32;C:\WINDOWS;C:\WINDOWS\System32\Wbem;C:\WINDOWS\System32\WindowsPowerShell\v1.0\;C:\WINDOWS\System32\OpenSSH\;C:\Program Files\Java\jdk-15.0.1\bin;C:\Program Files\Microsoft SQL Server\Client SDK\ODBC\170\Tools\Binn\;C:\Program Files (x86)\Microsoft SQL Server\150\Tools\Binn\;C:\Program Files\Microsoft SQL Server\150\Tools\Binn\;C:\Program Files\Microsoft SQL Server\150\DTS\Binn\;C:\Program Files (x86)\Microsoft SQL Server\150\DTS\Binn\;C:\Program Files\dotnet\;C:\Program Files\Microsoft SQL Server\130\Tools\Binn\;C:\php;C:\Program Files\Docker\Docker\resources\bin;C:\ProgramData\DockerDesktop\version-bin;C:\Program Files\Git\cmd;C:\Program Files (x86)\Bazaar;C:\Users\JC\AppData\Local\Programs\Python\Python39\Scripts\;C:\Users\JC\AppData\Local\Programs\Python\Python39\;C:\Users\JC\AppData\Local\Microsoft\WindowsApps;;C:\Program Files\Azure Data Studio\bin;C:\Program Files\Azure Data Studio\bin;C:\Users\JC\.dotnet\tools;C:\Users\JC\AppData\Local\Programs\Microsoft VS Code\bin
USERNAME=JC
OS=Windows_NT
PROCESSOR_IDENTIFIER=Intel64 Family 6 Model 69 Stepping 1, GenuineIntel



---------------  S Y S T E M  ---------------

OS: Windows 10.0 , 64 bit Build 19041 (10.0.19041.1466)

CPU:total 4 (2 cores per cpu, 2 threads per core) family 6 model 69 stepping 1, cmov, cx8, fxsr, mmx, sse, sse2, sse3, ssse3, sse4.1, sse4.2, popcnt, avx, avx2, aes, clmul, erms, lzcnt, ht, tsc, tscinvbit, bmi1, bmi2

Memory: 4k page, physical 4124504k(494132k free), swap 6989656k(1280k free)

vm_info: Java HotSpot(TM) 64-Bit Server VM (25.111-b14) for windows-amd64 JRE (1.8.0_111-b14), built on Sep 22 2016 19:24:05 by "java_re" with MS VC++ 10.0 (VS2010)

time: Tue Jan 18 01:36:14 2022
elapsed time: 33 seconds (0d 0h 0m 33s)

